<?xml version="1.0" encoding="UTF-8"?>
<!-- Generated by org.testng.reporters.JUnitReportReporter -->
<testsuite hostname="DESKTOP-9538315" failures="0" tests="4" name="testNg.Dataproviderfeeddataapp" time="20.555" errors="0" timestamp="2023-08-03T11:34:16 IST" skipped="0">
  <testcase classname="testNg.Dataproviderfeeddataapp" name="name" time="4.962"/>
  <testcase classname="testNg.Dataproviderfeeddataapp" name="name" time="4.912"/>
  <testcase classname="testNg.Dataproviderfeeddataapp" name="name" time="4.995"/>
  <testcase classname="testNg.Dataproviderfeeddataapp" name="name" time="5.686"/>
</testsuite> <!-- testNg.Dataproviderfeeddataapp -->
