<?xml version="1.0" encoding="UTF-8"?>
<!-- Generated by org.testng.reporters.JUnitReportReporter -->
<testsuite hostname="DESKTOP-9538315" failures="0" tests="4" name="testNg.Priority" time="0.019" errors="0" timestamp="2023-07-08T17:50:47 IST" skipped="0">
  <testcase classname="testNg.Priority" name="D" time="0.002"/>
  <testcase classname="testNg.Priority" name="A" time="0.002"/>
  <testcase classname="testNg.Priority" name="C" time="0.013"/>
  <testcase classname="testNg.Priority" name="B" time="0.002"/>
</testsuite> <!-- testNg.Priority -->
