<?xml version="1.0" encoding="UTF-8"?>
<!-- Generated by org.testng.reporters.JUnitReportReporter -->
<testsuite hostname="DESKTOP-9538315" failures="0" tests="4" name="testNg.Invocationcount" time="0.020" errors="0" timestamp="2023-07-11T16:24:49 IST" skipped="0">
  <testcase classname="testNg.Invocationcount" name="myTestMethod1" time="0.002"/>
  <testcase classname="testNg.Invocationcount" name="myTestMethod1" time="0.004"/>
  <testcase classname="testNg.Invocationcount" name="myTestMethod2" time="0.002"/>
  <testcase classname="testNg.Invocationcount" name="myTestMethod1" time="0.012"/>
</testsuite> <!-- testNg.Invocationcount -->
