<?xml version="1.0" encoding="UTF-8"?>
<!-- Generated by org.testng.reporters.JUnitReportReporter -->
<testsuite hostname="DESKTOP-9538315" failures="0" tests="4" name="testNg.Groups" time="0.019" errors="0" timestamp="2023-07-10T12:42:14 IST" skipped="0">
  <testcase classname="testNg.Groups" name="myTestMethod1" time="0.012"/>
  <testcase classname="testNg.Groups" name="myTestMethod4" time="0.002"/>
  <testcase classname="testNg.Groups" name="myTestMethod2" time="0.003"/>
  <testcase classname="testNg.Groups" name="myTestMethod3" time="0.002"/>
</testsuite> <!-- testNg.Groups -->
