<?xml version="1.0" encoding="UTF-8"?>
<!-- Generated by org.testng.reporters.JUnitReportReporter -->
<testsuite hostname="DESKTOP-9538315" failures="0" tests="2" name="testNg.TestNGannotations" time="0.044" errors="0" timestamp="2023-07-27T19:05:04 IST" skipped="0">
  <testcase classname="testNg.TestNGannotations" name="pub" time="0.027"/>
  <testcase classname="testNg.TestNGannotations" name="publ" time="0.017"/>
</testsuite> <!-- testNg.TestNGannotations -->
