<?xml version="1.0" encoding="UTF-8"?>
<!-- Generated by org.testng.reporters.JUnitReportReporter -->
<testsuite hostname="DESKTOP-9538315" failures="0" tests="2" name="testNg.Enable" time="0.012" errors="0" timestamp="2023-07-10T12:02:47 IST" skipped="1">
  <testcase classname="testNg.Enable" name="myTestMethod2" time="0.012"/>
  <testcase classname="testNg.Enable" name="myTestMethod1">
    <skipped/>
  </testcase> <!-- myTestMethod1 -->
</testsuite> <!-- testNg.Enable -->
