<?xml version="1.0" encoding="UTF-8"?>
<!-- Generated by org.testng.reporters.JUnitReportReporter -->
<testsuite hostname="DESKTOP-9538315" failures="0" tests="2" name="testNg.Mytestclass2" time="0.023" errors="0" timestamp="2023-07-28T20:26:23 IST" skipped="0">
  <testcase classname="testNg.Mytestclass2" name="myTestMethod3" time="0.005"/>
  <testcase classname="testNg.Mytestclass2" name="myTestMethod4" time="0.018"/>
</testsuite> <!-- testNg.Mytestclass2 -->
