<?xml version="1.0" encoding="UTF-8"?>
<!-- Generated by org.testng.reporters.JUnitReportReporter -->
<testsuite hostname="DESKTOP-9538315" failures="0" tests="4" name="testNg.Dataprovider" time="0.018" errors="0" timestamp="2023-08-03T11:33:15 IST" skipped="0">
  <testcase classname="testNg.Dataprovider" name="testMethod" time="0.004"/>
  <testcase classname="testNg.Dataprovider" name="testMethod" time="0.005"/>
  <testcase classname="testNg.Dataprovider" name="testMethod" time="0.007"/>
  <testcase classname="testNg.Dataprovider" name="testMethod" time="0.002"/>
</testsuite> <!-- testNg.Dataprovider -->
