<?xml version="1.0" encoding="UTF-8"?>
<!-- Generated by org.testng.reporters.JUnitReportReporter -->
<testsuite hostname="DESKTOP-9538315" failures="0" tests="4" name="testNg.parallel" time="24.069" errors="0" timestamp="2023-08-03T10:37:08 IST" skipped="0">
  <testcase classname="testNg.parallel" name="D" time="4.094"/>
  <testcase classname="testNg.parallel" name="A" time="6.890"/>
  <testcase classname="testNg.parallel" name="C" time="6.685"/>
  <testcase classname="testNg.parallel" name="B" time="6.400"/>
</testsuite> <!-- testNg.parallel -->
