<?xml version="1.0" encoding="UTF-8"?>
<!-- Generated by org.testng.reporters.JUnitReportReporter -->
<testsuite hostname="DESKTOP-9538315" failures="0" tests="1" name="testNg.DATAREAD" time="0.770" errors="0" timestamp="2023-08-03T11:29:58 IST" skipped="0">
  <testcase classname="testNg.DATAREAD" name="getExcelData" time="0.770"/>
</testsuite> <!-- testNg.DATAREAD -->
