<?xml version="1.0" encoding="UTF-8"?>
<!-- Generated by org.testng.reporters.JUnitReportReporter -->
<testsuite hostname="DESKTOP-9538315" failures="0" tests="5" name="testNg.dependsonmethod" time="0.021" errors="0" timestamp="2023-07-08T19:04:08 IST" skipped="0">
  <testcase classname="testNg.dependsonmethod" name="B" time="0.002"/>
  <testcase classname="testNg.dependsonmethod" name="E" time="0.003"/>
  <testcase classname="testNg.dependsonmethod" name="C" time="0.003"/>
  <testcase classname="testNg.dependsonmethod" name="A" time="0.011"/>
  <testcase classname="testNg.dependsonmethod" name="D" time="0.002"/>
</testsuite> <!-- testNg.dependsonmethod -->
